com.ibm.icu_4.0.1.v20090822.jar
com.ibm.icu.source_4.0.1.v20090822.jar
javax.servlet_2.5.0.v200806031605.jar
org.eclipse.ant.core_3.2.100.v20090817_r351.jar
org.eclipse.compare.core_3.5.0.I20090430-0408.jar
org.eclipse.compare.win32_1.0.0.I20090430-0408.jar
org.eclipse.compare.win32.source_1.0.0.I20090430-0408.jar
org.eclipse.core.commands_3.5.0.I20090525-2000.jar
org.eclipse.core.commands.source_3.5.0.I20090525-2000.jar
org.eclipse.core.contenttype_3.4.1.R35x_v20090826-0451.jar
org.eclipse.core.contenttype.source_3.4.1.R35x_v20090826-0451.jar
org.eclipse.core.databinding_1.2.0.M20090819-0800.jar
org.eclipse.core.databinding.beans_1.2.0.I20090525-2000.jar
org.eclipse.core.databinding.beans.source_1.2.0.I20090525-2000.jar
org.eclipse.core.databinding.observable_1.2.0.M20090902-0800.jar
org.eclipse.core.databinding.observable.source_1.2.0.M20090902-0800.jar
org.eclipse.core.databinding.property_1.2.0.M20090819-0800.jar
org.eclipse.core.databinding.property.source_1.2.0.M20090819-0800.jar
org.eclipse.core.databinding.source_1.2.0.M20090819-0800.jar
org.eclipse.core.expressions_3.4.100.v20090429-1800.jar
org.eclipse.core.expressions.source_3.4.100.v20090429-1800.jar
org.eclipse.core.filebuffers_3.5.0.v20090526-2000.jar
org.eclipse.core.filesystem_1.2.0.v20090507.jar
org.eclipse.core.filesystem.hpux.ia64_32_1.0.0.v20080604-1400.jar
org.eclipse.core.filesystem.hpux.PA_RISC_1.0.0.v20080604-1400.jar
org.eclipse.core.filesystem.linux.ppc_1.0.100.v20080604-1400.jar
org.eclipse.core.filesystem.linux.x86_1.2.0.v20080604-1400.jar
org.eclipse.core.filesystem.linux.x86_64_1.0.100.v20080604-1400.jar
org.eclipse.core.filesystem.macosx_1.1.0.v20090112.jar
org.eclipse.core.filesystem.qnx.x86_1.0.0.v20080604-1400.jar
org.eclipse.core.filesystem.solaris.sparc_1.0.100.v20080604-1400.jar
org.eclipse.core.filesystem.win32.x86_1.1.0.v20080604-1400.jar
org.eclipse.core.filesystem.win32.x86_64_1.1.0.v20090316-0910.jar
org.eclipse.core.jobs_3.4.100.v20090429-1800.jar
org.eclipse.core.jobs.source_3.4.100.v20090429-1800.jar
org.eclipse.core.net_1.2.1.r35x_20090812-1200.jar
org.eclipse.core.net.linux.x86_1.1.0.I20081021.jar
org.eclipse.core.net.win32.x86_1.0.0.I20080909.jar
org.eclipse.core.net.win32.x86_64_1.0.0.I20090306-1030.jar
org.eclipse.core.resources_3.5.1.R35x_v20090826-0451.jar
org.eclipse.core.resources.compatibility_3.4.0.v20090505.jar
org.eclipse.core.resources.win32.x86_3.5.0.v20081020.jar
org.eclipse.core.runtime_3.5.0.v20090525.jar
org.eclipse.core.runtime.compatibility.auth_3.2.100.v20090413.jar
org.eclipse.core.runtime.compatibility.auth.source_3.2.100.v20090413.jar
org.eclipse.core.runtime.compatibility.registry_3.2.200.v20090429-1800
org.eclipse.core.runtime.source_3.5.0.v20090525.jar
org.eclipse.core.variables_3.2.200.v20090521.jar
org.eclipse.ecf_3.0.0.v20090831-1906.jar
org.eclipse.ecf.filetransfer_3.0.0.v20090831-1906.jar
org.eclipse.ecf.identity_3.0.0.v20090831-1906.jar
org.eclipse.ecf.provider.filetransfer_3.0.1.v20090831-1906.jar
org.eclipse.ecf.provider.filetransfer.ssl_1.0.0.v20090831-1906.jar
org.eclipse.ecf.ssl_1.0.0.v20090831-1906.jar
org.eclipse.equinox.app_1.2.0.v20090520-1800.jar
org.eclipse.equinox.app.source_1.2.0.v20090520-1800.jar
org.eclipse.equinox.common_3.5.1.R35x_v20090807-1100.jar
org.eclipse.equinox.common.source_3.5.1.R35x_v20090807-1100.jar
org.eclipse.equinox.concurrent_1.0.0.v20090520-1800.jar
org.eclipse.equinox.ds_1.1.1.R35x_v20090806.jar
org.eclipse.equinox.ds.source_1.1.1.R35x_v20090806.jar
org.eclipse.equinox.launcher_1.0.201.R35x_v20090715.jar
org.eclipse.equinox.launcher.carbon.macosx_1.0.200.v20090520-1835
org.eclipse.equinox.launcher.cocoa.macosx_1.0.1.R35x_v20090707
org.eclipse.equinox.launcher.cocoa.macosx.x86_64_1.0.1.R35x_v20090707
org.eclipse.equinox.launcher.gtk.linux.ppc_1.0.200.v20090519
org.eclipse.equinox.launcher.gtk.linux.s390_1.0.100.v20090426-1530
org.eclipse.equinox.launcher.gtk.linux.s390x_1.0.100.v20090426-1530
org.eclipse.equinox.launcher.gtk.linux.x86_1.0.200.v20090520
org.eclipse.equinox.launcher.gtk.linux.x86_64_1.0.200.v20090519
org.eclipse.equinox.launcher.gtk.solaris.sparc_1.0.201.R35x_v20090720
org.eclipse.equinox.launcher.gtk.solaris.x86_1.0.201.R35x_v20090720
org.eclipse.equinox.launcher.motif.aix.ppc_1.0.200.v20090519
org.eclipse.equinox.launcher.motif.hpux.ia64_32_1.0.100.v20090519
org.eclipse.equinox.launcher.motif.hpux.PA_RISC_1.0.100.v20090306-1900
org.eclipse.equinox.launcher.motif.linux.x86_1.0.200.v20090520
org.eclipse.equinox.launcher.motif.solaris.sparc_1.0.300.HEAD
org.eclipse.equinox.launcher.source_1.0.201.R35x_v20090715.jar
org.eclipse.equinox.launcher.win32.win32.x86_1.0.200.v20090519
org.eclipse.equinox.launcher.win32.win32.x86_64_1.0.200.v20090519
org.eclipse.equinox.launcher.wpf.win32.x86_1.0.200.v20090519
org.eclipse.equinox.p2.artifact.repository_1.0.101.R35x_v20090721.jar
org.eclipse.equinox.p2.core_1.0.101.R35x_v20090819.jar
org.eclipse.equinox.p2.engine_1.0.101.R35x_v20090825.jar
org.eclipse.equinox.p2.jarprocessor_1.0.100.v20090520-1905.jar
org.eclipse.equinox.p2.metadata_1.0.100.v20090525.jar
org.eclipse.equinox.p2.metadata.repository_1.0.101.R35x_v20090812.jar
org.eclipse.equinox.p2.repository_1.0.1.v20090901-1041.jar
org.eclipse.equinox.preferences_3.2.300.v20090520-1800.jar
org.eclipse.equinox.preferences.source_3.2.300.v20090520-1800.jar
org.eclipse.equinox.registry_3.4.100.v20090520-1800.jar
org.eclipse.equinox.registry.source_3.4.100.v20090520-1800.jar
org.eclipse.equinox.security_1.0.100.v20090520-1800.jar
org.eclipse.equinox.security.macosx_1.100.0.v20090520-1800.jar
org.eclipse.equinox.security.macosx.source_1.100.0.v20090520-1800.jar
org.eclipse.equinox.security.win32.x86_1.0.100.v20090520-1800.jar
org.eclipse.equinox.security.win32.x86.source_1.0.100.v20090520-1800.jar
org.eclipse.equinox.simpleconfigurator_1.0.101.R35x_v20090807-1100.jar
org.eclipse.equinox.simpleconfigurator.source_1.0.101.R35x_v20090807-1100.jar
org.eclipse.equinox.util_1.0.100.v20090520-1800.jar
org.eclipse.equinox.util.source_1.0.100.v20090520-1800.jar
org.eclipse.help_3.4.1.v20090805_35x.jar
org.eclipse.help.source_3.4.1.v20090805_35x.jar
org.eclipse.jdt.launching.macosx_3.2.0.v20090527.jar
org.eclipse.jdt.launching.macosx.source_3.2.0.v20090527.jar
org.eclipse.jdt.launching.ui.macosx_1.0.0.v20090527.jar
org.eclipse.jdt.launching.ui.macosx.source_1.0.0.v20090527.jar
org.eclipse.jface_3.5.1.M20090826-0800.jar
org.eclipse.jface.databinding_1.3.1.M20090826-0800.jar
org.eclipse.jface.databinding.source_1.3.1.M20090826-0800.jar
org.eclipse.jface.source_3.5.1.M20090826-0800.jar
org.eclipse.jface.text_3.5.1.r351_v20090708-0800.jar
org.eclipse.osgi_3.5.1.R35x_v20090827.jar
org.eclipse.osgi.services_3.2.0.v20090520-1800.jar
org.eclipse.osgi.services.source_3.2.0.v20090520-1800.jar
org.eclipse.osgi.source_3.5.1.R35x_v20090827.jar
org.eclipse.rcp_3.5.0.v200909170800.jar
org.eclipse.rcp.source_3.5.0.v200909170800.jar
org.eclipse.swt_3.5.1.v3555a.jar
org.eclipse.swt.carbon.macosx_3.5.1.v3555a.jar
org.eclipse.swt.carbon.macosx.source_3.5.1.v3555a.jar
org.eclipse.swt.cocoa.macosx_3.5.1.v3555a.jar
org.eclipse.swt.cocoa.macosx.source_3.5.1.v3555a.jar
org.eclipse.swt.cocoa.macosx.x86_64_3.5.1.v3555a.jar
org.eclipse.swt.cocoa.macosx.x86_64.source_3.5.1.v3555a.jar
org.eclipse.swt.gtk.linux.ppc_3.5.1.v3555a.jar
org.eclipse.swt.gtk.linux.ppc.source_3.5.1.v3555a.jar
org.eclipse.swt.gtk.linux.s390_3.5.0.v3550b.jar
org.eclipse.swt.gtk.linux.s390.source_3.5.0.v3550b.jar
org.eclipse.swt.gtk.linux.s390x_3.5.0.v3550b.jar
org.eclipse.swt.gtk.linux.s390x.source_3.5.0.v3550b.jar
org.eclipse.swt.gtk.linux.x86_3.5.1.v3555a.jar
org.eclipse.swt.gtk.linux.x86_64_3.5.1.v3555a.jar
org.eclipse.swt.gtk.linux.x86_64.source_3.5.1.v3555a.jar
org.eclipse.swt.gtk.linux.x86.source_3.5.1.v3555a.jar
org.eclipse.swt.gtk.solaris.sparc_3.5.1.v3555a.jar
org.eclipse.swt.gtk.solaris.sparc.source_3.5.1.v3555a.jar
org.eclipse.swt.gtk.solaris.x86_3.5.1.v3555a.jar
org.eclipse.swt.gtk.solaris.x86.source_3.5.1.v3555a.jar
org.eclipse.swt.motif.aix.ppc_3.5.1.v3555a.jar
org.eclipse.swt.motif.aix.ppc.source_3.5.1.v3555a.jar
org.eclipse.swt.motif.hpux.ia64_32_3.5.1.v3555a.jar
org.eclipse.swt.motif.hpux.ia64_32.source_3.5.1.v3555a.jar
org.eclipse.swt.motif.hpux.PA_RISC_3.5.0.HEAD.jar
org.eclipse.swt.motif.hpux.PA_RISC.source_3.5.0.HEAD.jar
org.eclipse.swt.motif.linux.x86_3.5.1.v3555a.jar
org.eclipse.swt.motif.linux.x86.source_3.5.1.v3555a.jar
org.eclipse.swt.motif.solaris.sparc_3.5.1.v3555a.jar
org.eclipse.swt.motif.solaris.sparc.source_3.5.1.v3555a.jar
org.eclipse.swt.photon.qnx.x86_3.5.1.v3555a.jar
org.eclipse.swt.photon.qnx.x86.source_3.5.1.v3555a.jar
org.eclipse.swt.win32.win32.x86_3.5.1.v3555a.jar
org.eclipse.swt.win32.win32.x86_64_3.5.1.v3555a.jar
org.eclipse.swt.win32.win32.x86_64.source_3.5.1.v3555a.jar
org.eclipse.swt.win32.win32.x86.source_3.5.1.v3555a.jar
org.eclipse.swt.wpf.win32.x86_3.5.1.v3555a.jar
org.eclipse.swt.wpf.win32.x86.source_3.5.1.v3555a.jar
org.eclipse.text_3.5.0.v20090513-2000.jar
org.eclipse.ui_3.5.1.M20090902-1000.jar
org.eclipse.ui.carbon_4.0.0.I20090525-2000.jar
org.eclipse.ui.carbon.source_4.0.0.I20090525-2000.jar
org.eclipse.ui.cocoa_1.0.0.I20090525-2000.jar
org.eclipse.ui.cocoa.source_1.0.0.I20090525-2000.jar
org.eclipse.ui.console_3.4.0.v20090513.jar
org.eclipse.ui.editors_3.5.0.v20090527-2000.jar
org.eclipse.ui.forms_3.4.1.v20090714_35x.jar
org.eclipse.ui.ide_3.5.1.M20090826-0800.jar
org.eclipse.ui.source_3.5.1.M20090902-1000.jar
org.eclipse.ui.views_3.4.1.M20090826-0800.jar
org.eclipse.ui.win32_3.2.100.v20090429-1800.jar
org.eclipse.ui.win32.source_3.2.100.v20090429-1800.jar
org.eclipse.ui.workbench_3.5.1.M20090826-0800a.jar
org.eclipse.ui.workbench.source_3.5.1.M20090826-0800a.jar
org.eclipse.ui.workbench.texteditor_3.5.0.v20090603.jar
org.eclipse.update.configurator_3.3.0.v20090312.jar
org.eclipse.update.configurator.source_3.3.0.v20090312.jar
org.eclipse.update.core.linux_3.2.100.v20081008.jar
org.eclipse.update.core.linux.source_3.2.100.v20081008.jar
org.eclipse.update.core.win32_3.2.100.v20080107.jar
org.eclipse.update.core.win32.source_3.2.100.v20080107.jar
